<?xml version="1.0" encoding="UTF-8"?>
<!-- Generated by org.testng.reporters.JUnitReportReporter -->
<testsuite hostname="Nisan" failures="0" tests="3" name="testNG.framework.TestngParallelTesting" time="24.273" errors="0" timestamp="27 Dec 2022 01:01:08 GMT" skipped="0">
  <testcase classname="testNG.framework.TestngParallelTesting" name="getTest2" time="8.091"/>
  <testcase classname="testNG.framework.TestngParallelTesting" name="getTest3" time="8.091"/>
  <testcase classname="testNG.framework.TestngParallelTesting" name="getTest1" time="8.091"/>
</testsuite> <!-- testNG.framework.TestngParallelTesting -->
