<?xml version="1.0" encoding="UTF-8"?>
<!-- Generated by org.testng.reporters.JUnitReportReporter -->
<testsuite hostname="Nisan" failures="0" tests="3" name="testNG.framework.CrossBrowserTesting" time="25.066" errors="0" timestamp="26 Dec 2022 23:59:41 GMT" skipped="0">
  <testcase classname="testNG.framework.CrossBrowserTesting" name="getTest" time="7.102"/>
  <testcase classname="testNG.framework.CrossBrowserTesting" name="getTest" time="11.019"/>
  <testcase classname="testNG.framework.CrossBrowserTesting" name="getTest" time="6.945"/>
</testsuite> <!-- testNG.framework.CrossBrowserTesting -->
