<?xml version="1.0" encoding="UTF-8"?>
<!-- Generated by org.testng.reporters.JUnitReportReporter -->
<testsuite hostname="Nisan" failures="0" tests="1" name="testNG.framework.BasicAnnotation" time="0.006" errors="0" timestamp="26 Dec 2022 20:13:34 GMT" skipped="0">
  <testcase classname="testNG.framework.BasicAnnotation" name="getTest" time="0.006"/>
</testsuite> <!-- testNG.framework.BasicAnnotation -->
