<?xml version="1.0" encoding="UTF-8"?>
<!-- Generated by org.testng.reporters.JUnitReportReporter -->
<testsuite hostname="Nisan" failures="0" tests="4" name="testNG.framework.TestngTestExecution" time="0.010" errors="0" timestamp="26 Dec 2022 22:00:52 GMT" skipped="0">
  <testcase classname="testNG.framework.TestngTestExecution" name="getTest2" time="0.005"/>
  <testcase classname="testNG.framework.TestngTestExecution" name="getTest4" time="0.001"/>
  <testcase classname="testNG.framework.TestngTestExecution" name="getTest1" time="0.003"/>
  <testcase classname="testNG.framework.TestngTestExecution" name="getTest3" time="0.001"/>
</testsuite> <!-- testNG.framework.TestngTestExecution -->
