<?xml version="1.0" encoding="UTF-8"?>
<!-- Generated by org.testng.reporters.JUnitReportReporter -->
<testsuite hostname="Nisan" failures="0" tests="4" name="testNG.framework.TestngPriority" time="0.013" errors="0" timestamp="26 Dec 2022 22:10:54 GMT" skipped="0">
  <testcase classname="testNG.framework.TestngPriority" name="getTest1" time="0.004"/>
  <testcase classname="testNG.framework.TestngPriority" name="getTest2" time="0.002"/>
  <testcase classname="testNG.framework.TestngPriority" name="getTest3" time="0.005"/>
  <testcase classname="testNG.framework.TestngPriority" name="getTest4" time="0.002"/>
</testsuite> <!-- testNG.framework.TestngPriority -->
