<?xml version="1.0" encoding="UTF-8"?>
<!-- Generated by org.testng.reporters.JUnitReportReporter -->
<testsuite hostname="Nisan" failures="0" tests="2" name="testNG.framework.DataProviderTest" time="0.007" errors="0" timestamp="28 Dec 2022 04:17:26 GMT" skipped="0">
  <testcase classname="testNG.framework.DataProviderTest" name="getMyTest" time="0.005"/>
  <testcase classname="testNG.framework.DataProviderTest" name="getMyTest" time="0.002"/>
</testsuite> <!-- testNG.framework.DataProviderTest -->
