<?xml version="1.0" encoding="UTF-8"?>
<!-- Generated by org.testng.reporters.JUnitReportReporter -->
<testsuite hostname="Nisan" failures="0" tests="1" name="testNG.framework.TestngFailedTestCasesRun" time="0.005" errors="0" timestamp="26 Dec 2022 22:52:45 GMT" skipped="0">
  <testcase classname="testNG.framework.TestngFailedTestCasesRun" name="getTest4" time="0.005"/>
</testsuite> <!-- testNG.framework.TestngFailedTestCasesRun -->
