<?xml version="1.0" encoding="UTF-8"?>
<!-- Generated by org.testng.reporters.JUnitReportReporter -->
<testsuite hostname="Nisan" failures="0" tests="1" name="luma.usa.runnerTest.MyRunner" time="26.219" errors="0" timestamp="22 Dec 2022 00:03:47 GMT" skipped="0">
  <testcase classname="luma.usa.runnerTest.MyRunner" name="runScenario" time="26.219"/>
</testsuite> <!-- luma.usa.runnerTest.MyRunner -->
