<?xml version="1.0" encoding="UTF-8"?>
<!-- Generated by org.testng.reporters.JUnitReportReporter -->
<testsuite hostname="Nisan" failures="0" tests="1" name="testNG.framework.ReadExcelData" time="0.303" errors="0" timestamp="28 Dec 2022 05:49:58 GMT" skipped="0">
  <testcase classname="testNG.framework.ReadExcelData" name="getEXcelData" time="0.303"/>
</testsuite> <!-- testNG.framework.ReadExcelData -->
