<?xml version="1.0" encoding="UTF-8"?>
<!-- Generated by org.testng.reporters.JUnitReportReporter -->
<testsuite hostname="Nisan" failures="0" tests="10" name="testNG.framework.TestngMultipleTimesRun" time="0.010" errors="0" timestamp="26 Dec 2022 22:23:47 GMT" skipped="0">
  <testcase classname="testNG.framework.TestngMultipleTimesRun" name="getTest" time="0.004"/>
  <testcase classname="testNG.framework.TestngMultipleTimesRun" name="getTest" time="0.001"/>
  <testcase classname="testNG.framework.TestngMultipleTimesRun" name="getTest" time="0.002"/>
  <testcase classname="testNG.framework.TestngMultipleTimesRun" name="getTest" time="0.000"/>
  <testcase classname="testNG.framework.TestngMultipleTimesRun" name="getTest" time="0.001"/>
  <testcase classname="testNG.framework.TestngMultipleTimesRun" name="getTest" time="0.000"/>
  <testcase classname="testNG.framework.TestngMultipleTimesRun" name="getTest" time="0.001"/>
  <testcase classname="testNG.framework.TestngMultipleTimesRun" name="getTest" time="0.000"/>
  <testcase classname="testNG.framework.TestngMultipleTimesRun" name="getTest" time="0.001"/>
  <testcase classname="testNG.framework.TestngMultipleTimesRun" name="getTest" time="0.000"/>
</testsuite> <!-- testNG.framework.TestngMultipleTimesRun -->
