<?xml version="1.0" encoding="UTF-8"?>
<!-- Generated by org.testng.reporters.JUnitReportReporter -->
<testsuite hostname="Nisan" failures="0" tests="4" name="testNG.framework.TestngEnableDisable" time="0.005" errors="0" timestamp="26 Dec 2022 22:18:15 GMT" skipped="3">
  <testcase classname="testNG.framework.TestngEnableDisable" name="getTest2" time="0.005"/>
  <testcase classname="testNG.framework.TestngEnableDisable" name="getTest1">
    <skipped/>
  </testcase> <!-- getTest1 -->
  <testcase classname="testNG.framework.TestngEnableDisable" name="getTest4">
    <skipped/>
  </testcase> <!-- getTest4 -->
  <testcase classname="testNG.framework.TestngEnableDisable" name="getTest3">
    <skipped/>
  </testcase> <!-- getTest3 -->
</testsuite> <!-- testNG.framework.TestngEnableDisable -->
